# JRE version: Java(TM) SE Runtime Environment (8.0_211-b12) (build 1.8.0_211-b12)
# Java VM: Java HotSpot(TM) 64-Bit Server VM (25.211-b12 mixed mode windows-amd64 compressed oops)
Heap:
 PSYoungGen      total 115712K, used 115688K [0x00000000eb300000, 0x00000000f3b80000, 0x0000000100000000)
  eden space 104960K, 100% used [0x00000000eb300000,0x00000000f1980000,0x00000000f1980000)
  from space 10752K, 99% used [0x00000000f2d00000,0x00000000f377a218,0x00000000f3780000)
  to   space 4096K, 99% used [0x00000000f3780000,0x00000000f3b7e2a0,0x00000000f3b80000)
 ParOldGen       total 53248K, used 53240K [0x00000000c1800000, 0x00000000c4c00000, 0x00000000eb300000)
  object space 53248K, 99% used [0x00000000c1800000,0x00000000c4bfe148,0x00000000c4c00000)
 Metaspace       used 28642K, capacity 29280K, committed 29568K, reserved 1075200K
  class space    used 3402K, capacity 3623K, committed 3712K, reserved 1048576K
GC Heap History (10 events):
Event: 6.816 GC heap after
Heap after GC invocations=7 (full 0):
 PSYoungGen      total 73728K, used 5385K [0x00000000eb300000, 0x00000000f4200000, 0x0000000100000000)
  eden space 65536K, 0% used [0x00000000eb300000,0x00000000eb300000,0x00000000ef300000)
  from space 8192K, 65% used [0x00000000ef300000,0x00000000ef842790,0x00000000efb00000)
  to   space 7680K, 0% used [0x00000000f3a80000,0x00000000f3a80000,0x00000000f4200000)
 ParOldGen       total 44032K, used 14316K [0x00000000c1800000, 0x00000000c4300000, 0x00000000eb300000)
  object space 44032K, 32% used [0x00000000c1800000,0x00000000c25fb0b8,0x00000000c4300000)
 Metaspace       used 20568K, capacity 21094K, committed 21296K, reserved 1069056K
  class space    used 2488K, capacity 2621K, committed 2688K, reserved 1048576K
}
Event: 6.816 GC heap before
{Heap before GC invocations=8 (full 1):
 PSYoungGen      total 73728K, used 5385K [0x00000000eb300000, 0x00000000f4200000, 0x0000000100000000)
  eden space 65536K, 0% used [0x00000000eb300000,0x00000000eb300000,0x00000000ef300000)
  from space 8192K, 65% used [0x00000000ef300000,0x00000000ef842790,0x00000000efb00000)
  to   space 7680K, 0% used [0x00000000f3a80000,0x00000000f3a80000,0x00000000f4200000)
 ParOldGen       total 44032K, used 14316K [0x00000000c1800000, 0x00000000c4300000, 0x00000000eb300000)
  object space 44032K, 32% used [0x00000000c1800000,0x00000000c25fb0b8,0x00000000c4300000)
 Metaspace       used 20568K, capacity 21094K, committed 21296K, reserved 1069056K
  class space    used 2488K, capacity 2621K, committed 2688K, reserved 1048576K
Event: 7.099 GC heap after
Heap after GC invocations=8 (full 1):
 PSYoungGen      total 73728K, used 0K [0x00000000eb300000, 0x00000000f4200000, 0x0000000100000000)
  eden space 65536K, 0% used [0x00000000eb300000,0x00000000eb300000,0x00000000ef300000)
  from space 8192K, 0% used [0x00000000ef300000,0x00000000ef300000,0x00000000efb00000)
  to   space 7680K, 0% used [0x00000000f3a80000,0x00000000f3a80000,0x00000000f4200000)
 ParOldGen       total 46592K, used 12754K [0x00000000c1800000, 0x00000000c4580000, 0x00000000eb300000)
  object space 46592K, 27% used [0x00000000c1800000,0x00000000c24749d8,0x00000000c4580000)
 Metaspace       used 20568K, capacity 21094K, committed 21296K, reserved 1069056K
  class space    used 2488K, capacity 2621K, committed 2688K, reserved 1048576K
}
Event: 11.813 GC heap before
{Heap before GC invocations=9 (full 1):
 PSYoungGen      total 73728K, used 65536K [0x00000000eb300000, 0x00000000f4200000, 0x0000000100000000)
  eden space 65536K, 100% used [0x00000000eb300000,0x00000000ef300000,0x00000000ef300000)
  from space 8192K, 0% used [0x00000000ef300000,0x00000000ef300000,0x00000000efb00000)
  to   space 7680K, 0% used [0x00000000f3a80000,0x00000000f3a80000,0x00000000f4200000)
 ParOldGen       total 46592K, used 12754K [0x00000000c1800000, 0x00000000c4580000, 0x00000000eb300000)
  object space 46592K, 27% used [0x00000000c1800000,0x00000000c24749d8,0x00000000c4580000)
 Metaspace       used 25631K, capacity 26204K, committed 26368K, reserved 1073152K
  class space    used 3080K, capacity 3280K, committed 3328K, reserved 1048576K
Event: 11.840 GC heap after
Heap after GC invocations=9 (full 1):
 PSYoungGen      total 92160K, used 7654K [0x00000000eb300000, 0x00000000f4200000, 0x0000000100000000)
  eden space 84480K, 0% used [0x00000000eb300000,0x00000000eb300000,0x00000000f0580000)
  from space 7680K, 99% used [0x00000000f3a80000,0x00000000f41f9930,0x00000000f4200000)
  to   space 10752K, 0% used [0x00000000f2d00000,0x00000000f2d00000,0x00000000f3780000)
 ParOldGen       total 46592K, used 18248K [0x00000000c1800000, 0x00000000c4580000, 0x00000000eb300000)
  object space 46592K, 39% used [0x00000000c1800000,0x00000000c29d2038,0x00000000c4580000)
 Metaspace       used 25631K, capacity 26204K, committed 26368K, reserved 1073152K
  class space    used 3080K, capacity 3280K, committed 3328K, reserved 1048576K
}
Event: 13.698 GC heap before
{Heap before GC invocations=10 (full 1):
 PSYoungGen      total 92160K, used 92134K [0x00000000eb300000, 0x00000000f4200000, 0x0000000100000000)
  eden space 84480K, 100% used [0x00000000eb300000,0x00000000f0580000,0x00000000f0580000)
  from space 7680K, 99% used [0x00000000f3a80000,0x00000000f41f9930,0x00000000f4200000)
  to   space 10752K, 0% used [0x00000000f2d00000,0x00000000f2d00000,0x00000000f3780000)
 ParOldGen       total 46592K, used 18248K [0x00000000c1800000, 0x00000000c4580000, 0x00000000eb300000)
  object space 46592K, 39% used [0x00000000c1800000,0x00000000c29d2038,0x00000000c4580000)
 Metaspace       used 28615K, capacity 29280K, committed 29568K, reserved 1075200K
  class space    used 3402K, capacity 3623K, committed 3712K, reserved 1048576K
Event: 13.816 GC heap after
Heap after GC invocations=10 (full 1):
 PSYoungGen      total 115712K, used 10728K [0x00000000eb300000, 0x00000000f3b80000, 0x0000000100000000)
  eden space 104960K, 0% used [0x00000000eb300000,0x00000000eb300000,0x00000000f1980000)
  from space 10752K, 99% used [0x00000000f2d00000,0x00000000f377a218,0x00000000f3780000)
  to   space 4096K, 0% used [0x00000000f3780000,0x00000000f3780000,0x00000000f3b80000)
 ParOldGen       total 46592K, used 30349K [0x00000000c1800000, 0x00000000c4580000, 0x00000000eb300000)
  object space 46592K, 65% used [0x00000000c1800000,0x00000000c35a36a8,0x00000000c4580000)
 Metaspace       used 28615K, capacity 29280K, committed 29568K, reserved 1075200K
  class space    used 3402K, capacity 3623K, committed 3712K, reserved 1048576K
}
Event: 15.213 GC heap before
{Heap before GC invocations=11 (full 1):
 PSYoungGen      total 115712K, used 115688K [0x00000000eb300000, 0x00000000f3b80000, 0x0000000100000000)
  eden space 104960K, 100% used [0x00000000eb300000,0x00000000f1980000,0x00000000f1980000)
  from space 10752K, 99% used [0x00000000f2d00000,0x00000000f377a218,0x00000000f3780000)
  to   space 4096K, 0% used [0x00000000f3780000,0x00000000f3780000,0x00000000f3b80000)
 ParOldGen       total 46592K, used 30349K [0x00000000c1800000, 0x00000000c4580000, 0x00000000eb300000)
  object space 46592K, 65% used [0x00000000c1800000,0x00000000c35a36a8,0x00000000c4580000)
 Metaspace       used 28642K, capacity 29280K, committed 29568K, reserved 1075200K
  class space    used 3402K, capacity 3623K, committed 3712K, reserved 1048576K
Event: 15.530 GC heap after
Heap after GC invocations=11 (full 1):
 PSYoungGen      total 115712K, used 115688K [0x00000000eb300000, 0x00000000f3b80000, 0x0000000100000000)
  eden space 104960K, 100% used [0x00000000eb300000,0x00000000f1980000,0x00000000f1980000)
  from space 10752K, 99% used [0x00000000f2d00000,0x00000000f377a218,0x00000000f3780000)
  to   space 4096K, 99% used [0x00000000f3780000,0x00000000f3b7e2a0,0x00000000f3b80000)
 ParOldGen       total 53248K, used 53240K [0x00000000c1800000, 0x00000000c4c00000, 0x00000000eb300000)
  object space 53248K, 99% used [0x00000000c1800000,0x00000000c4bfe148,0x00000000c4c00000)
 Metaspace       used 28642K, capacity 29280K, committed 29568K, reserved 1075200K
  class space    used 3402K, capacity 3623K, committed 3712K, reserved 1048576K
}
Event: 15.531 GC heap before
{Heap before GC invocations=12 (full 2):
 PSYoungGen      total 115712K, used 115688K [0x00000000eb300000, 0x00000000f3b80000, 0x0000000100000000)
  eden space 104960K, 100% used [0x00000000eb300000,0x00000000f1980000,0x00000000f1980000)
  from space 10752K, 99% used [0x00000000f2d00000,0x00000000f377a218,0x00000000f3780000)
  to   space 4096K, 99% used [0x00000000f3780000,0x00000000f3b7e2a0,0x00000000f3b80000)
 ParOldGen       total 53248K, used 53240K [0x00000000c1800000, 0x00000000c4c00000, 0x00000000eb300000)
  object space 53248K, 99% used [0x00000000c1800000,0x00000000c4bfe148,0x00000000c4c00000)
 Metaspace       used 28642K, capacity 29280K, committed 29568K, reserved 1075200K
  class space    used 3402K, capacity 3623K, committed 3712K, reserved 1048576K

