# JRE version: Java(TM) SE Runtime Environment (8.0_211-b12) (build 1.8.0_211-b12)
# Java VM: Java HotSpot(TM) 64-Bit Server VM (25.211-b12 mixed mode windows-amd64 compressed oops)
Heap:
 PSYoungGen      total 136704K, used 117900K [0x00000000eb300000, 0x00000000f5780000, 0x0000000100000000)
  eden space 124928K, 84% used [0x00000000eb300000,0x00000000f1aa4110,0x00000000f2d00000)
  from space 11776K, 99% used [0x00000000f2d00000,0x00000000f387f260,0x00000000f3880000)
  to   space 18944K, 0% used [0x00000000f4500000,0x00000000f4500000,0x00000000f5780000)
 ParOldGen       total 43008K, used 31264K [0x00000000c1800000, 0x00000000c4200000, 0x00000000eb300000)
  object space 43008K, 72% used [0x00000000c1800000,0x00000000c3688138,0x00000000c4200000)
 Metaspace       used 28642K, capacity 29312K, committed 29568K, reserved 1075200K
  class space    used 3398K, capacity 3591K, committed 3712K, reserved 1048576K
GC Heap History (10 events):
Event: 5.425 GC heap before
{Heap before GC invocations=6 (full 0):
 PSYoungGen      total 35328K, used 35304K [0x00000000eb300000, 0x00000000f0200000, 0x0000000100000000)
  eden space 32768K, 100% used [0x00000000eb300000,0x00000000ed300000,0x00000000ed300000)
  from space 2560K, 99% used [0x00000000ed300000,0x00000000ed57a020,0x00000000ed580000)
  to   space 7680K, 0% used [0x00000000efa80000,0x00000000efa80000,0x00000000f0200000)
 ParOldGen       total 44032K, used 11372K [0x00000000c1800000, 0x00000000c4300000, 0x00000000eb300000)
  object space 44032K, 25% used [0x00000000c1800000,0x00000000c231b178,0x00000000c4300000)
 Metaspace       used 15895K, capacity 16254K, committed 16384K, reserved 1062912K
  class space    used 1914K, capacity 1987K, committed 2048K, reserved 1048576K
Event: 5.437 GC heap after
Heap after GC invocations=6 (full 0):
 PSYoungGen      total 72192K, used 4760K [0x00000000eb300000, 0x00000000f0100000, 0x0000000100000000)
  eden space 65536K, 0% used [0x00000000eb300000,0x00000000eb300000,0x00000000ef300000)
  from space 6656K, 71% used [0x00000000efa80000,0x00000000eff26050,0x00000000f0100000)
  to   space 7168K, 0% used [0x00000000ef300000,0x00000000ef300000,0x00000000efa00000)
 ParOldGen       total 44032K, used 11380K [0x00000000c1800000, 0x00000000c4300000, 0x00000000eb300000)
  object space 44032K, 25% used [0x00000000c1800000,0x00000000c231d178,0x00000000c4300000)
 Metaspace       used 15895K, capacity 16254K, committed 16384K, reserved 1062912K
  class space    used 1914K, capacity 1987K, committed 2048K, reserved 1048576K
}
Event: 7.360 GC heap before
{Heap before GC invocations=7 (full 0):
 PSYoungGen      total 72192K, used 54686K [0x00000000eb300000, 0x00000000f0100000, 0x0000000100000000)
  eden space 65536K, 76% used [0x00000000eb300000,0x00000000ee3c1a18,0x00000000ef300000)
  from space 6656K, 71% used [0x00000000efa80000,0x00000000eff26050,0x00000000f0100000)
  to   space 7168K, 0% used [0x00000000ef300000,0x00000000ef300000,0x00000000efa00000)
 ParOldGen       total 44032K, used 11380K [0x00000000c1800000, 0x00000000c4300000, 0x00000000eb300000)
  object space 44032K, 25% used [0x00000000c1800000,0x00000000c231d178,0x00000000c4300000)
 Metaspace       used 20687K, capacity 21094K, committed 21296K, reserved 1069056K
  class space    used 2496K, capacity 2621K, committed 2688K, reserved 1048576K
Event: 7.387 GC heap after
Heap after GC invocations=7 (full 0):
 PSYoungGen      total 72704K, used 7152K [0x00000000eb300000, 0x00000000f4400000, 0x0000000100000000)
  eden space 65536K, 0% used [0x00000000eb300000,0x00000000eb300000,0x00000000ef300000)
  from space 7168K, 99% used [0x00000000ef300000,0x00000000ef9fc248,0x00000000efa00000)
  to   space 8704K, 0% used [0x00000000f3b80000,0x00000000f3b80000,0x00000000f4400000)
 ParOldGen       total 44032K, used 12775K [0x00000000c1800000, 0x00000000c4300000, 0x00000000eb300000)
  object space 44032K, 29% used [0x00000000c1800000,0x00000000c2479d88,0x00000000c4300000)
 Metaspace       used 20687K, capacity 21094K, committed 21296K, reserved 1069056K
  class space    used 2496K, capacity 2621K, committed 2688K, reserved 1048576K
}
Event: 7.387 GC heap before
{Heap before GC invocations=8 (full 1):
 PSYoungGen      total 72704K, used 7152K [0x00000000eb300000, 0x00000000f4400000, 0x0000000100000000)
  eden space 65536K, 0% used [0x00000000eb300000,0x00000000eb300000,0x00000000ef300000)
  from space 7168K, 99% used [0x00000000ef300000,0x00000000ef9fc248,0x00000000efa00000)
  to   space 8704K, 0% used [0x00000000f3b80000,0x00000000f3b80000,0x00000000f4400000)
 ParOldGen       total 44032K, used 12775K [0x00000000c1800000, 0x00000000c4300000, 0x00000000eb300000)
  object space 44032K, 29% used [0x00000000c1800000,0x00000000c2479d88,0x00000000c4300000)
 Metaspace       used 20687K, capacity 21094K, committed 21296K, reserved 1069056K
  class space    used 2496K, capacity 2621K, committed 2688K, reserved 1048576K
Event: 7.473 GC heap after
Heap after GC invocations=8 (full 1):
 PSYoungGen      total 72704K, used 0K [0x00000000eb300000, 0x00000000f4400000, 0x0000000100000000)
  eden space 65536K, 0% used [0x00000000eb300000,0x00000000eb300000,0x00000000ef300000)
  from space 7168K, 0% used [0x00000000ef300000,0x00000000ef300000,0x00000000efa00000)
  to   space 8704K, 0% used [0x00000000f3b80000,0x00000000f3b80000,0x00000000f4400000)
 ParOldGen       total 43008K, used 13310K [0x00000000c1800000, 0x00000000c4200000, 0x00000000eb300000)
  object space 43008K, 30% used [0x00000000c1800000,0x00000000c24ffba8,0x00000000c4200000)
 Metaspace       used 20687K, capacity 21094K, committed 21296K, reserved 1069056K
  class space    used 2496K, capacity 2621K, committed 2688K, reserved 1048576K
}
Event: 11.325 GC heap before
{Heap before GC invocations=9 (full 1):
 PSYoungGen      total 72704K, used 65536K [0x00000000eb300000, 0x00000000f4400000, 0x0000000100000000)
  eden space 65536K, 100% used [0x00000000eb300000,0x00000000ef300000,0x00000000ef300000)
  from space 7168K, 0% used [0x00000000ef300000,0x00000000ef300000,0x00000000efa00000)
  to   space 8704K, 0% used [0x00000000f3b80000,0x00000000f3b80000,0x00000000f4400000)
 ParOldGen       total 43008K, used 13310K [0x00000000c1800000, 0x00000000c4200000, 0x00000000eb300000)
  object space 43008K, 30% used [0x00000000c1800000,0x00000000c24ffba8,0x00000000c4200000)
 Metaspace       used 26746K, capacity 27342K, committed 27520K, reserved 1073152K
  class space    used 3205K, capacity 3379K, committed 3456K, reserved 1048576K
Event: 11.344 GC heap after
Heap after GC invocations=9 (full 1):
 PSYoungGen      total 105984K, used 8688K [0x00000000eb300000, 0x00000000f4400000, 0x0000000100000000)
  eden space 97280K, 0% used [0x00000000eb300000,0x00000000eb300000,0x00000000f1200000)
  from space 8704K, 99% used [0x00000000f3b80000,0x00000000f43fc360,0x00000000f4400000)
  to   space 11776K, 0% used [0x00000000f2d00000,0x00000000f2d00000,0x00000000f3880000)
 ParOldGen       total 43008K, used 17830K [0x00000000c1800000, 0x00000000c4200000, 0x00000000eb300000)
  object space 43008K, 41% used [0x00000000c1800000,0x00000000c2969880,0x00000000c4200000)
 Metaspace       used 26746K, capacity 27342K, committed 27520K, reserved 1073152K
  class space    used 3205K, capacity 3379K, committed 3456K, reserved 1048576K
}
Event: 12.939 GC heap before
{Heap before GC invocations=10 (full 1):
 PSYoungGen      total 105984K, used 105968K [0x00000000eb300000, 0x00000000f4400000, 0x0000000100000000)
  eden space 97280K, 100% used [0x00000000eb300000,0x00000000f1200000,0x00000000f1200000)
  from space 8704K, 99% used [0x00000000f3b80000,0x00000000f43fc360,0x00000000f4400000)
  to   space 11776K, 0% used [0x00000000f2d00000,0x00000000f2d00000,0x00000000f3880000)
 ParOldGen       total 43008K, used 17830K [0x00000000c1800000, 0x00000000c4200000, 0x00000000eb300000)
  object space 43008K, 41% used [0x00000000c1800000,0x00000000c2969880,0x00000000c4200000)
 Metaspace       used 28633K, capacity 29312K, committed 29568K, reserved 1075200K
  class space    used 3398K, capacity 3591K, committed 3712K, reserved 1048576K
Event: 12.986 GC heap after
Heap after GC invocations=10 (full 1):
 PSYoungGen      total 136704K, used 11772K [0x00000000eb300000, 0x00000000f5780000, 0x0000000100000000)
  eden space 124928K, 0% used [0x00000000eb300000,0x00000000eb300000,0x00000000f2d00000)
  from space 11776K, 99% used [0x00000000f2d00000,0x00000000f387f260,0x00000000f3880000)
  to   space 18944K, 0% used [0x00000000f4500000,0x00000000f4500000,0x00000000f5780000)
 ParOldGen       total 43008K, used 31264K [0x00000000c1800000, 0x00000000c4200000, 0x00000000eb300000)
  object space 43008K, 72% used [0x00000000c1800000,0x00000000c3688138,0x00000000c4200000)
 Metaspace       used 28633K, capacity 29312K, committed 29568K, reserved 1075200K
  class space    used 3398K, capacity 3591K, committed 3712K, reserved 1048576K
}

