# JRE version: Java(TM) SE Runtime Environment (8.0_211-b12) (build 1.8.0_211-b12)
# Java VM: Java HotSpot(TM) 64-Bit Server VM (25.211-b12 mixed mode windows-amd64 compressed oops)
Heap:
 PSYoungGen      total 71680K, used 63004K [0x00000000d5d80000, 0x00000000da880000, 0x0000000100000000)
  eden space 66560K, 86% used [0x00000000d5d80000,0x00000000d96099d8,0x00000000d9e80000)
  from space 5120K, 99% used [0x00000000da380000,0x00000000da87d648,0x00000000da880000)
  to   space 5120K, 0% used [0x00000000d9e80000,0x00000000d9e80000,0x00000000da380000)
 ParOldGen       total 67584K, used 45261K [0x0000000081800000, 0x0000000085a00000, 0x00000000d5d80000)
  object space 67584K, 66% used [0x0000000081800000,0x00000000844336c0,0x0000000085a00000)
 Metaspace       used 28937K, capacity 29642K, committed 29824K, reserved 1075200K
  class space    used 3443K, capacity 3657K, committed 3712K, reserved 1048576K
GC Heap History (10 events):
Event: 6.091 GC heap before
{Heap before GC invocations=5 (full 0):
 PSYoungGen      total 71680K, used 57192K [0x00000000d5d80000, 0x00000000da880000, 0x0000000100000000)
  eden space 66560K, 78% used [0x00000000d5d80000,0x00000000d905bff8,0x00000000d9e80000)
  from space 5120K, 99% used [0x00000000da380000,0x00000000da87e030,0x00000000da880000)
  to   space 5120K, 0% used [0x00000000d9e80000,0x00000000d9e80000,0x00000000da380000)
 ParOldGen       total 87552K, used 8227K [0x0000000081800000, 0x0000000086d80000, 0x00000000d5d80000)
  object space 87552K, 9% used [0x0000000081800000,0x0000000082008d80,0x0000000086d80000)
 Metaspace       used 20650K, capacity 21100K, committed 21296K, reserved 1069056K
  class space    used 2501K, capacity 2622K, committed 2688K, reserved 1048576K
Event: 6.112 GC heap after
Heap after GC invocations=5 (full 0):
 PSYoungGen      total 71680K, used 5096K [0x00000000d5d80000, 0x00000000da880000, 0x0000000100000000)
  eden space 66560K, 0% used [0x00000000d5d80000,0x00000000d5d80000,0x00000000d9e80000)
  from space 5120K, 99% used [0x00000000d9e80000,0x00000000da37a040,0x00000000da380000)
  to   space 5120K, 0% used [0x00000000da380000,0x00000000da380000,0x00000000da880000)
 ParOldGen       total 87552K, used 12741K [0x0000000081800000, 0x0000000086d80000, 0x00000000d5d80000)
  object space 87552K, 14% used [0x0000000081800000,0x00000000824716c8,0x0000000086d80000)
 Metaspace       used 20650K, capacity 21100K, committed 21296K, reserved 1069056K
  class space    used 2501K, capacity 2622K, committed 2688K, reserved 1048576K
}
Event: 6.112 GC heap before
{Heap before GC invocations=6 (full 1):
 PSYoungGen      total 71680K, used 5096K [0x00000000d5d80000, 0x00000000da880000, 0x0000000100000000)
  eden space 66560K, 0% used [0x00000000d5d80000,0x00000000d5d80000,0x00000000d9e80000)
  from space 5120K, 99% used [0x00000000d9e80000,0x00000000da37a040,0x00000000da380000)
  to   space 5120K, 0% used [0x00000000da380000,0x00000000da380000,0x00000000da880000)
 ParOldGen       total 87552K, used 12741K [0x0000000081800000, 0x0000000086d80000, 0x00000000d5d80000)
  object space 87552K, 14% used [0x0000000081800000,0x00000000824716c8,0x0000000086d80000)
 Metaspace       used 20650K, capacity 21100K, committed 21296K, reserved 1069056K
  class space    used 2501K, capacity 2622K, committed 2688K, reserved 1048576K
Event: 6.191 GC heap after
Heap after GC invocations=6 (full 1):
 PSYoungGen      total 71680K, used 0K [0x00000000d5d80000, 0x00000000da880000, 0x0000000100000000)
  eden space 66560K, 0% used [0x00000000d5d80000,0x00000000d5d80000,0x00000000d9e80000)
  from space 5120K, 0% used [0x00000000d9e80000,0x00000000d9e80000,0x00000000da380000)
  to   space 5120K, 0% used [0x00000000da380000,0x00000000da380000,0x00000000da880000)
 ParOldGen       total 67584K, used 12183K [0x0000000081800000, 0x0000000085a00000, 0x00000000d5d80000)
  object space 67584K, 18% used [0x0000000081800000,0x00000000823e5d30,0x0000000085a00000)
 Metaspace       used 20650K, capacity 21100K, committed 21296K, reserved 1069056K
  class space    used 2501K, capacity 2622K, committed 2688K, reserved 1048576K
}
Event: 9.123 GC heap before
{Heap before GC invocations=7 (full 1):
 PSYoungGen      total 71680K, used 66560K [0x00000000d5d80000, 0x00000000da880000, 0x0000000100000000)
  eden space 66560K, 100% used [0x00000000d5d80000,0x00000000d9e80000,0x00000000d9e80000)
  from space 5120K, 0% used [0x00000000d9e80000,0x00000000d9e80000,0x00000000da380000)
  to   space 5120K, 0% used [0x00000000da380000,0x00000000da380000,0x00000000da880000)
 ParOldGen       total 67584K, used 12183K [0x0000000081800000, 0x0000000085a00000, 0x00000000d5d80000)
  object space 67584K, 18% used [0x0000000081800000,0x00000000823e5d30,0x0000000085a00000)
 Metaspace       used 23942K, capacity 24572K, committed 24832K, reserved 1071104K
  class space    used 2891K, capacity 3056K, committed 3072K, reserved 1048576K
Event: 9.137 GC heap after
Heap after GC invocations=7 (full 1):
 PSYoungGen      total 71680K, used 5116K [0x00000000d5d80000, 0x00000000da880000, 0x0000000100000000)
  eden space 66560K, 0% used [0x00000000d5d80000,0x00000000d5d80000,0x00000000d9e80000)
  from space 5120K, 99% used [0x00000000da380000,0x00000000da87f1b8,0x00000000da880000)
  to   space 5120K, 0% used [0x00000000d9e80000,0x00000000d9e80000,0x00000000da380000)
 ParOldGen       total 67584K, used 20604K [0x0000000081800000, 0x0000000085a00000, 0x00000000d5d80000)
  object space 67584K, 30% used [0x0000000081800000,0x0000000082c1f2c0,0x0000000085a00000)
 Metaspace       used 23942K, capacity 24572K, committed 24832K, reserved 1071104K
  class space    used 2891K, capacity 3056K, committed 3072K, reserved 1048576K
}
Event: 10.736 GC heap before
{Heap before GC invocations=8 (full 1):
 PSYoungGen      total 71680K, used 71676K [0x00000000d5d80000, 0x00000000da880000, 0x0000000100000000)
  eden space 66560K, 100% used [0x00000000d5d80000,0x00000000d9e80000,0x00000000d9e80000)
  from space 5120K, 99% used [0x00000000da380000,0x00000000da87f1b8,0x00000000da880000)
  to   space 5120K, 0% used [0x00000000d9e80000,0x00000000d9e80000,0x00000000da380000)
 ParOldGen       total 67584K, used 20604K [0x0000000081800000, 0x0000000085a00000, 0x00000000d5d80000)
  object space 67584K, 30% used [0x0000000081800000,0x0000000082c1f2c0,0x0000000085a00000)
 Metaspace       used 28924K, capacity 29642K, committed 29824K, reserved 1075200K
  class space    used 3443K, capacity 3657K, committed 3712K, reserved 1048576K
Event: 10.759 GC heap after
Heap after GC invocations=8 (full 1):
 PSYoungGen      total 71680K, used 5109K [0x00000000d5d80000, 0x00000000da880000, 0x0000000100000000)
  eden space 66560K, 0% used [0x00000000d5d80000,0x00000000d5d80000,0x00000000d9e80000)
  from space 5120K, 99% used [0x00000000d9e80000,0x00000000da37d648,0x00000000da380000)
  to   space 5120K, 0% used [0x00000000da380000,0x00000000da380000,0x00000000da880000)
 ParOldGen       total 67584K, used 32638K [0x0000000081800000, 0x0000000085a00000, 0x00000000d5d80000)
  object space 67584K, 48% used [0x0000000081800000,0x00000000837df870,0x0000000085a00000)
 Metaspace       used 28924K, capacity 29642K, committed 29824K, reserved 1075200K
  class space    used 3443K, capacity 3657K, committed 3712K, reserved 1048576K
}
Event: 11.275 GC heap before
{Heap before GC invocations=9 (full 1):
 PSYoungGen      total 71680K, used 71669K [0x00000000d5d80000, 0x00000000da880000, 0x0000000100000000)
  eden space 66560K, 100% used [0x00000000d5d80000,0x00000000d9e80000,0x00000000d9e80000)
  from space 5120K, 99% used [0x00000000d9e80000,0x00000000da37d648,0x00000000da380000)
  to   space 5120K, 0% used [0x00000000da380000,0x00000000da380000,0x00000000da880000)
 ParOldGen       total 67584K, used 32638K [0x0000000081800000, 0x0000000085a00000, 0x00000000d5d80000)
  object space 67584K, 48% used [0x0000000081800000,0x00000000837df870,0x0000000085a00000)
 Metaspace       used 28936K, capacity 29642K, committed 29824K, reserved 1075200K
  class space    used 3443K, capacity 3657K, committed 3712K, reserved 1048576K
Event: 11.295 GC heap after
Heap after GC invocations=9 (full 1):
 PSYoungGen      total 71680K, used 5109K [0x00000000d5d80000, 0x00000000da880000, 0x0000000100000000)
  eden space 66560K, 0% used [0x00000000d5d80000,0x00000000d5d80000,0x00000000d9e80000)
  from space 5120K, 99% used [0x00000000da380000,0x00000000da87d648,0x00000000da880000)
  to   space 5120K, 0% used [0x00000000d9e80000,0x00000000d9e80000,0x00000000da380000)
 ParOldGen       total 67584K, used 45261K [0x0000000081800000, 0x0000000085a00000, 0x00000000d5d80000)
  object space 67584K, 66% used [0x0000000081800000,0x00000000844336c0,0x0000000085a00000)
 Metaspace       used 28936K, capacity 29642K, committed 29824K, reserved 1075200K
  class space    used 3443K, capacity 3657K, committed 3712K, reserved 1048576K
}

